# JRE version: Java(TM) SE Runtime Environment (8.0_144-b01) (build 1.8.0_144-b01)
# Java VM: Java HotSpot(TM) 64-Bit Server VM (25.144-b01 mixed mode windows-amd64 compressed oops)
Heap:
 garbage-first heap   total 524288K, used 211874K [0x00000000a0000000, 0x00000000a0101000, 0x0000000100000000)
  region size 1024K, 6 young (6144K), 0 survivors (0K)
 Metaspace       used 150338K, capacity 162410K, committed 162768K, reserved 1191936K
  class space    used 17363K, capacity 21063K, committed 21200K, reserved 1048576K
GC Heap History (10 events):
Event: 36052.235 GC heap after
Heap after GC invocations=620 (full 555):
 garbage-first heap   total 524288K, used 205550K [0x00000000a0000000, 0x00000000a0101000, 0x0000000100000000)
  region size 1024K, 0 young (0K), 0 survivors (0K)
 Metaspace       used 150337K, capacity 162410K, committed 162768K, reserved 1191936K
  class space    used 17363K, capacity 21063K, committed 21200K, reserved 1048576K
}
Event: 36111.404 GC heap before
{Heap before GC invocations=620 (full 555):
 garbage-first heap   total 524288K, used 205550K [0x00000000a0000000, 0x00000000a0101000, 0x0000000100000000)
  region size 1024K, 1 young (1024K), 0 survivors (0K)
 Metaspace       used 150337K, capacity 162410K, committed 162768K, reserved 1191936K
  class space    used 17363K, capacity 21063K, committed 21200K, reserved 1048576K
Event: 36112.236 GC heap after
Heap after GC invocations=621 (full 556):
 garbage-first heap   total 524288K, used 205550K [0x00000000a0000000, 0x00000000a0101000, 0x0000000100000000)
  region size 1024K, 0 young (0K), 0 survivors (0K)
 Metaspace       used 150337K, capacity 162410K, committed 162768K, reserved 1191936K
  class space    used 17363K, capacity 21063K, committed 21200K, reserved 1048576K
}
Event: 36171.420 GC heap before
{Heap before GC invocations=621 (full 556):
 garbage-first heap   total 524288K, used 210670K [0x00000000a0000000, 0x00000000a0101000, 0x0000000100000000)
  region size 1024K, 6 young (6144K), 0 survivors (0K)
 Metaspace       used 150337K, capacity 162410K, committed 162768K, reserved 1191936K
  class space    used 17363K, capacity 21063K, committed 21200K, reserved 1048576K
Event: 36172.431 GC heap after
Heap after GC invocations=622 (full 557):
 garbage-first heap   total 524288K, used 205693K [0x00000000a0000000, 0x00000000a0101000, 0x0000000100000000)
  region size 1024K, 0 young (0K), 0 survivors (0K)
 Metaspace       used 150337K, capacity 162410K, committed 162768K, reserved 1191936K
  class space    used 17363K, capacity 21063K, committed 21200K, reserved 1048576K
}
Event: 36232.201 GC heap before
{Heap before GC invocations=622 (full 557):
 garbage-first heap   total 524288K, used 205693K [0x00000000a0000000, 0x00000000a0101000, 0x0000000100000000)
  region size 1024K, 1 young (1024K), 0 survivors (0K)
 Metaspace       used 150337K, capacity 162410K, committed 162768K, reserved 1191936K
  class space    used 17363K, capacity 21063K, committed 21200K, reserved 1048576K
Event: 36233.013 GC heap after
Heap after GC invocations=623 (full 558):
 garbage-first heap   total 524288K, used 205550K [0x00000000a0000000, 0x00000000a0101000, 0x0000000100000000)
  region size 1024K, 0 young (0K), 0 survivors (0K)
 Metaspace       used 150337K, capacity 162410K, committed 162768K, reserved 1191936K
  class space    used 17363K, capacity 21063K, committed 21200K, reserved 1048576K
}
Event: 47069.785 GC heap before
{Heap before GC invocations=623 (full 558):
 garbage-first heap   total 524288K, used 212718K [0x00000000a0000000, 0x00000000a0101000, 0x0000000100000000)
  region size 1024K, 8 young (8192K), 0 survivors (0K)
 Metaspace       used 150337K, capacity 162410K, committed 162768K, reserved 1191936K
  class space    used 17363K, capacity 21063K, committed 21200K, reserved 1048576K
Event: 47070.507 GC heap after
Heap after GC invocations=624 (full 559):
 garbage-first heap   total 524288K, used 205730K [0x00000000a0000000, 0x00000000a0101000, 0x0000000100000000)
  region size 1024K, 0 young (0K), 0 survivors (0K)
 Metaspace       used 150337K, capacity 162410K, committed 162768K, reserved 1191936K
  class space    used 17363K, capacity 21063K, committed 21200K, reserved 1048576K
}
Event: 64583.641 GC heap before
{Heap before GC invocations=624 (full 559):
 garbage-first heap   total 524288K, used 210850K [0x00000000a0000000, 0x00000000a0101000, 0x0000000100000000)
  region size 1024K, 6 young (6144K), 0 survivors (0K)
 Metaspace       used 150338K, capacity 162410K, committed 162768K, reserved 1191936K
  class space    used 17363K, capacity 21063K, committed 21200K, reserved 1048576K

